Start building sites â€¦ 
hugo v0.138.0-ad82998d54b3f9f8c2741b67356813b55b3134b9+extended linux/amd64 BuildDate=2024-11-06T11:22:34Z VendorInfo=gohugoio

ERROR render of "term" failed: "/tmp/hugo_cache_runner/modules/filecache/modules/pkg/mod/github.com/!cai!jimmy/hugo-theme-stack/v3@v3.34.1/layouts/_default/baseof.html:4:12": execute of template failed: template: _default/list.html:4:12: executing "_default/list.html" at <partial "head/head.html" .>: error calling partial: "/tmp/hugo_cache_runner/modules/filecache/modules/pkg/mod/github.com/!cai!jimmy/hugo-theme-stack/v3@v3.34.1/layouts/partials/head/head.html:25:4": execute of template failed: template: partials/head/head.html:25:4: executing "partials/head/head.html" at <partial "google_analytics.html" .>: error calling partial: partial "google_analytics.html" not found
ERROR render of "404" failed: "/tmp/hugo_cache_runner/modules/filecache/modules/pkg/mod/github.com/!cai!jimmy/hugo-theme-stack/v3@v3.34.1/layouts/_default/baseof.html:4:12": execute of template failed: template: 404.html:4:12: executing "404.html" at <partial "head/head.html" .>: error calling partial: "/tmp/hugo_cache_runner/modules/filecache/modules/pkg/mod/github.com/!cai!jimmy/hugo-theme-stack/v3@v3.34.1/layouts/partials/head/head.html:25:4": execute of template failed: template: partials/head/head.html:25:4: executing "partials/head/head.html" at <partial "google_analytics.html" .>: error calling partial: partial "google_analytics.html" not found
ERROR render of "taxonomy" failed: "/tmp/hugo_cache_runner/modules/filecache/modules/pkg/mod/github.com/!cai!jimmy/hugo-theme-stack/v3@v3.34.1/layouts/_default/baseof.html:4:12": execute of template failed: template: _default/list.html:4:12: executing "_default/list.html" at <partial "head/head.html" .>: error calling partial: "/tmp/hugo_cache_runner/modules/filecache/modules/pkg/mod/github.com/!cai!jimmy/hugo-theme-stack/v3@v3.34.1/layouts/partials/head/head.html:25:4": execute of template failed: template: partials/head/head.html:25:4: executing "partials/head/head.html" at <partial "google_analytics.html" .>: error calling partial: partial "google_analytics.html" not found
Total in 91 ms
Error: error building site: render: failed to render pages: render of "term" failed: "/tmp/hugo_cache_runner/modules/filecache/modules/pkg/mod/github.com/!cai!jimmy/hugo-theme-stack/v3@v3.34.1/layouts/_default/baseof.html:4:12": execute of template failed: template: _default/list.html:4:12: executing "_default/list.html" at <partial "head/head.html" .>: error calling partial: "/tmp/hugo_cache_runner/modules/filecache/modules/pkg/mod/github.com/!cai!jimmy/hugo-theme-stack/v3@v3.34.1/layouts/partials/head/head.html:25:4": execute of template failed: template: partials/head/head.html:25:4: executing "partials/head/head.html" at <partial "google_analytics.html" .>: error calling partial: partial "google_analytics.html" not found
